2017-09-28 14:04:17 INFO  - Server is listening on port 8088
2017-09-28 14:04:59 INFO  - {"realTime":{"pm25":"42.7","radiation":"","temperature":"29.8","pm10":"45.6","noise":"54.2","humidity":"64.4","rainfallDaily":"","time":"2017-09-28 14:04:59","windDirection":"","windSpeed":""},"history":null}
2017-09-28 14:07:28 INFO  - {"realTime":{"pm25":"42.7","radiation":"","temperature":"29.8","pm10":"45.6","noise":"54.2","humidity":"64.4","rainfallDaily":"","time":"2017-09-28 14:07:28","windDirection":"","windSpeed":""},"history":null}
2017-09-28 14:07:57 INFO  - {"realTime":{"pm25":"42.7","radiation":"","temperature":"29.8","pm10":"45.6","noise":"54.2","humidity":"64.4","rainfallDaily":"","time":"2017-09-28 14:07:57","windDirection":"","windSpeed":""},"history":null}
2017-09-28 14:09:52 INFO  - Server is listening on port 8088
2017-09-28 14:10:12 INFO  - {"realTime":{"pm25":"42.7","radiation":"","temperature":"29.8","pm10":"45.6","noise":"54.2","humidity":"64.4","rainfallDaily":"","time":"2017-09-28 14:10:12","windDirection":"","windSpeed":""},"history":null}
2017-09-28 14:10:43 INFO  - Server is listening on port 8088
2017-09-28 14:10:46 INFO  - {"realTime":{"pm25":"42.7","radiation":"","temperature":"29.8","pm10":"45.6","noise":"54.2","humidity":"64.4","rainfallDaily":"","time":"2017-09-28 14:10:46","windDirection":"","windSpeed":""},"history":null}
2017-09-28 14:17:33 INFO  - Server is listening on port 8088
2017-09-28 14:17:36 INFO  - {"realTime":{"pm25":"42.7","radiation":"","temperature":"29.8","pm10":"45.6","noise":"54.2","humidity":"64.4","rainfallDaily":"","time":"2017-09-28 14:17:36","windDirection":"","windSpeed":""},"history":null}
2017-09-28 14:18:05 INFO  - Server is listening on port 8088
2017-09-28 14:18:08 DEBUG - 处理新请求:POST
2017-09-28 14:18:08 DEBUG - Header Info:{"Origin":"[chrome-extension://fhbjgbiflinjbdggehcddcbncdddomop]","Accept-encoding":"[gzip, deflate, br]","X-m2m-origin":"[/in-cse/testapp]","X-m2m-ri":"[20000000]","Accept":"[application/json]","Connection":"[keep-alive]","Host":"[127.0.0.1:8088]","User-agent":"[Mozilla/5.0 (Windows NT 10.0; Win64; x64) AppleWebKit/537.36 (KHTML, like Gecko) Chrome/61.0.3163.100 Safari/537.36]","Content-type":"[application/x-www-form-urlencoded]","Accept-language":"[zh-CN,zh;q=0.8]","Postman-token":"[3983e4bf-1b21-ee27-9920-7dc7524007ed]","Content-length":"[602]","Cache-control":"[no-cache]"}
2017-09-28 14:18:08 INFO  - {"realTime":{"pm25":"42.7","radiation":"","temperature":"29.8","pm10":"45.6","noise":"54.2","humidity":"64.4","rainfallDaily":"","time":"2017-09-28 14:18:08","windDirection":"","windSpeed":""},"history":null}
2017-09-28 14:18:28 INFO  - Server is listening on port 8088
2017-09-28 14:24:39 INFO  - Server is listening on port 8088
2017-09-28 14:24:43 INFO  - {"realTime":{"pm25":"42.7","radiation":"","temperature":"29.8","pm10":"45.6","noise":"54.2","humidity":"64.4","rainfallDaily":"","time":"2017-09-28 14:24:43","windDirection":"","windSpeed":""},"history":null}
2017-09-28 14:28:41 INFO  - {"realTime":{"pm25":"42.7","radiation":"","temperature":"29.8","pm10":"45.6","noise":"54.2","humidity":"64.4","rainfallDaily":"","time":"2017-09-28 14:28:41","windDirection":"","windSpeed":""},"history":null}
2017-09-28 14:29:24 INFO  - {"realTime":{"pm25":"42.7","radiation":"","temperature":"29.8","pm10":"45.6","noise":"54.2","humidity":"64.4","rainfallDaily":"","time":"2017-09-28 14:29:24","windDirection":"","windSpeed":""},"history":null}
2017-09-28 15:03:35 INFO  - {"realTime":{"pm25":"42.7","radiation":"","temperature":"29.8","pm10":"45.6","noise":"54.2","humidity":"64.4","rainfallDaily":"","time":"2017-09-28 15:03:35","windDirection":"","windSpeed":""},"history":null}
2017-09-28 15:03:51 INFO  - {"realTime":{"pm25":"42.7","radiation":"","temperature":"29.8","pm10":"45.6","noise":"54.2","humidity":"64.4","rainfallDaily":"","time":"2017-09-28 15:03:51","windDirection":"","windSpeed":""},"history":null}
2017-09-28 15:03:56 INFO  - {"realTime":{"pm25":"42.7","radiation":"","temperature":"29.8","pm10":"45.6","noise":"54.2","humidity":"64.4","rainfallDaily":"","time":"2017-09-28 15:03:56","windDirection":"","windSpeed":""},"history":null}
2017-09-28 15:05:18 INFO  - {"realTime":{"pm25":"42.7","radiation":"","temperature":"29.8","pm10":"45.6","noise":"54.2","humidity":"64.4","rainfallDaily":"","time":"2017-09-28 15:05:18","windDirection":"","windSpeed":""},"history":null}
2017-09-28 15:21:24 INFO  - {"realTime":{"pm25":"42.7","radiation":"","temperature":"29.8","pm10":"45.6","noise":"54.2","humidity":"64.4","rainfallDaily":"","time":"2017-09-28 15:21:24","windDirection":"","windSpeed":""},"history":null}
2017-09-28 15:28:56 INFO  - {"realTime":{"pm25":"42.7","radiation":"","temperature":"29.8","pm10":"45.6","noise":"54.2","humidity":"64.4","rainfallDaily":"","time":"2017-09-28 15:28:56","windDirection":"","windSpeed":""},"history":null}
2017-09-28 15:29:40 DEBUG - 处理新请求:POST
2017-09-28 15:29:40 DEBUG - Header Info:{"Origin":"[chrome-extension://fhbjgbiflinjbdggehcddcbncdddomop]","Accept-encoding":"[gzip, deflate, br]","X-m2m-origin":"[/in-cse/testapp]","X-m2m-ri":"[20000000]","Accept":"[application/json]","Connection":"[keep-alive]","Host":"[127.0.0.1:8088]","User-agent":"[Mozilla/5.0 (Windows NT 10.0; Win64; x64) AppleWebKit/537.36 (KHTML, like Gecko) Chrome/61.0.3163.100 Safari/537.36]","Content-type":"[application/x-www-form-urlencoded]","Accept-language":"[zh-CN,zh;q=0.8]","Postman-token":"[202970d6-cb9f-e272-3f06-da32f0ac3cae]","Content-length":"[602]","Cache-control":"[no-cache]"}
2017-09-28 15:29:40 INFO  - {"realTime":{"pm25":"42.7","radiation":"","temperature":"29.8","pm10":"45.6","noise":"54.2","humidity":"64.4","rainfallDaily":"","time":"2017-09-28 15:29:40","windDirection":"","windSpeed":""},"history":null}
2017-09-28 15:31:03 DEBUG - Server is Starting
2017-09-28 15:31:03 INFO  - Server is listening on port 8088
2017-09-28 15:31:24 INFO  - {"realTime":{"pm25":"42.7","radiation":"","temperature":"29.8","pm10":"45.6","noise":"54.2","humidity":"64.4","rainfallDaily":"","time":"2017-09-28 15:31:24","windDirection":"","windSpeed":""},"history":null}
2017-09-28 15:31:24 INFO  - {"realTime":{"pm25":"42.7","radiation":"","temperature":"29.8","pm10":"45.6","noise":"54.2","humidity":"64.4","rainfallDaily":"","time":"2017-09-28 15:31:24","windDirection":"","windSpeed":""},"history":null}
2017-09-28 15:31:44 INFO  - {"realTime":{"pm25":"42.7","radiation":"","temperature":"29.8","pm10":"45.6","noise":"54.2","humidity":"64.4","rainfallDaily":"","time":"2017-09-28 15:31:44","windDirection":"","windSpeed":""},"history":null}
2017-09-28 15:31:44 INFO  - {"realTime":{"pm25":"42.7","radiation":"","temperature":"29.8","pm10":"45.6","noise":"54.2","humidity":"64.4","rainfallDaily":"","time":"2017-09-28 15:31:44","windDirection":"","windSpeed":""},"history":null}
2017-09-28 15:31:50 INFO  - {"realTime":{"pm25":"42.7","radiation":"","temperature":"29.8","pm10":"45.6","noise":"54.2","humidity":"64.4","rainfallDaily":"","time":"2017-09-28 15:31:50","windDirection":"","windSpeed":""},"history":null}
2017-09-28 15:31:50 INFO  - {"realTime":{"pm25":"42.7","radiation":"","temperature":"29.8","pm10":"45.6","noise":"54.2","humidity":"64.4","rainfallDaily":"","time":"2017-09-28 15:31:50","windDirection":"","windSpeed":""},"history":null}
2017-09-28 15:32:26 INFO  - {"realTime":{"pm25":"42.7","radiation":"","temperature":"29.8","pm10":"45.6","noise":"54.2","humidity":"64.4","rainfallDaily":"","time":"2017-09-28 15:32:26","windDirection":"","windSpeed":""},"history":null}
2017-09-28 15:32:26 INFO  - {"realTime":{"pm25":"42.7","radiation":"","temperature":"29.8","pm10":"45.6","noise":"54.2","humidity":"64.4","rainfallDaily":"","time":"2017-09-28 15:32:26","windDirection":"","windSpeed":""},"history":null}
2017-09-28 15:32:40 INFO  - {"realTime":{"pm25":"42.7","radiation":"","temperature":"29.8","pm10":"45.6","noise":"54.2","humidity":"64.4","rainfallDaily":"","time":"2017-09-28 15:32:40","windDirection":"","windSpeed":""},"history":null}
2017-09-28 15:32:40 INFO  - {"realTime":{"pm25":"42.7","radiation":"","temperature":"29.8","pm10":"45.6","noise":"54.2","humidity":"64.4","rainfallDaily":"","time":"2017-09-28 15:32:40","windDirection":"","windSpeed":""},"history":null}
2017-09-28 15:33:43 INFO  - {"realTime":{"pm25":"42.7","radiation":"","temperature":"29.8","pm10":"45.6","noise":"54.2","humidity":"64.4","rainfallDaily":"","time":"2017-09-28 15:33:43","windDirection":"","windSpeed":""},"history":null}
